#
# There is insufficient memory for the Java Runtime Environment to continue.
# Native memory allocation (malloc) failed to allocate 113770496 bytes for committing reserved memory.
# Possible reasons:
#   The system is out of physical RAM or swap space
#   In 32 bit mode, the process size limit was hit
# Possible solutions:
#   Reduce memory load on the system
#   Increase physical memory or swap space
#   Check if swap backing store is full
#   Use 64 bit Java on a 64 bit OS
#   Decrease Java heap size (-Xmx/-Xms)
#   Decrease number of Java threads
#   Decrease Java thread stack sizes (-Xss)
#   Set larger code cache with -XX:ReservedCodeCacheSize=
# This output file may be truncated or incomplete.
#
#  Out of Memory Error (os_linux.cpp:2809), pid=12499, tid=140274241087232
#
# JRE version: OpenJDK Runtime Environment (7.0_79-b14) (build 1.7.0_79-b14)
# Java VM: OpenJDK 64-Bit Server VM (24.79-b02 mixed mode linux-amd64 compressed oops)
# Derivative: IcedTea 2.5.5
# Distribution: Ubuntu 14.04 LTS, package 7u79-2.5.5-0ubuntu0.14.04.2
# Failed to write core dump. Core dumps have been disabled. To enable core dumping, try "ulimit -c unlimited" before starting Java again
#

---------------  T H R E A D  ---------------

Current thread (0x00007f9420077800):  VMThread [stack: 0x00007f94243fa000,0x00007f94244fb000] [id=12509]

Stack: [0x00007f94243fa000,0x00007f94244fb000],  sp=0x00007f94244f9490,  free space=1021k
Native frames: (J=compiled Java code, j=interpreted, Vv=VM code, C=native code)
V  [libjvm.so+0x94aec5]  VMError::report_and_die()+0x175
V  [libjvm.so+0x48b9c4]  report_vm_out_of_memory(char const*, int, unsigned long, char const*)+0x74
V  [libjvm.so+0x7c806b]  os::pd_commit_memory(char*, unsigned long, unsigned long, bool)+0xeb
V  [libjvm.so+0x7c2b0f]  os::commit_memory(char*, unsigned long, unsigned long, bool)+0x1f
V  [libjvm.so+0x83500b]  PSVirtualSpace::expand_by(unsigned long)+0x5b
V  [libjvm.so+0x835e60]  PSYoungGen::resize_generation(unsigned long, unsigned long)+0xb0
V  [libjvm.so+0x83654b]  PSYoungGen::resize(unsigned long, unsigned long)+0x1b
V  [libjvm.so+0x832830]  PSScavenge::invoke_no_policy()+0xde0
V  [libjvm.so+0x833008]  PSScavenge::invoke()+0x38
V  [libjvm.so+0x7e96f3]  ParallelScavengeHeap::failed_mem_allocate(unsigned long)+0x63
V  [libjvm.so+0x94c8c4]  VM_ParallelGCFailedAllocation::doit()+0x84
V  [libjvm.so+0x950dc7]  VM_Operation::evaluate()+0x47
V  [libjvm.so+0x94f738]  VMThread::evaluate_operation(VM_Operation*)+0x318
V  [libjvm.so+0x94fb99]  VMThread::loop()+0x219
V  [libjvm.so+0x94ffe2]  VMThread::run()+0x72
V  [libjvm.so+0x7c4f32]  java_start(Thread*)+0xf2

VM_Operation (0x00007f94296af370): ParallelGCFailedAllocation, mode: safepoint, requested by thread 0x00007f942000c000


---------------  P R O C E S S  ---------------

Java Threads: ( => current thread )
  0x00007f94200b0800 JavaThread "Service Thread" daemon [_thread_blocked, id=12515, stack(0x00007f941c61b000,0x00007f941c71c000)]
  0x00007f94200ae000 JavaThread "C2 CompilerThread1" daemon [_thread_blocked, id=12514, stack(0x00007f941c71c000,0x00007f941c81d000)]
  0x00007f94200ab800 JavaThread "C2 CompilerThread0" daemon [_thread_blocked, id=12513, stack(0x00007f941c81d000,0x00007f941c91e000)]
  0x00007f94200a9000 JavaThread "Signal Dispatcher" daemon [_thread_blocked, id=12512, stack(0x00007f94240f7000,0x00007f94241f8000)]
  0x00007f942007e000 JavaThread "Finalizer" daemon [_thread_blocked, id=12511, stack(0x00007f94241f8000,0x00007f94242f9000)]
  0x00007f942007c000 JavaThread "Reference Handler" daemon [_thread_blocked, id=12510, stack(0x00007f94242f9000,0x00007f94243fa000)]
  0x00007f942000c000 JavaThread "main" [_thread_blocked, id=12504, stack(0x00007f94295b0000,0x00007f94296b1000)]

Other Threads:
=>0x00007f9420077800 VMThread [stack: 0x00007f94243fa000,0x00007f94244fb000] [id=12509]
  0x00007f94200bb800 WatcherThread [stack: 0x00007f941c51a000,0x00007f941c61b000] [id=12516]

VM state:at safepoint (normal execution)

VM Mutex/Monitor currently owned by a thread:  ([mutex/lock_event])
[0x00007f9420008650] Threads_lock - owner thread: 0x00007f9420077800
[0x00007f9420008b50] Heap_lock - owner thread: 0x00007f942000c000

Heap
 PSYoungGen      total 200704K, used 11627K [0x00000000eaa80000, 0x00000000f7e80000, 0x0000000100000000)
  eden space 186368K, 0% used [0x00000000eaa80000,0x00000000eaa80000,0x00000000f6080000)
  from space 14336K, 81% used [0x00000000f6080000,0x00000000f6bdac98,0x00000000f6e80000)
  to   space 12288K, 0% used [0x00000000f6e80000,0x00000000f6e80000,0x00000000f7a80000)
 ParOldGen       total 61440K, used 39422K [0x00000000c0000000, 0x00000000c3c00000, 0x00000000eaa80000)
  object space 61440K, 64% used [0x00000000c0000000,0x00000000c267faf0,0x00000000c3c00000)
 PSPermGen       total 21504K, used 7350K [0x00000000b5a00000, 0x00000000b6f00000, 0x00000000c0000000)
  object space 21504K, 34% used [0x00000000b5a00000,0x00000000b612d998,0x00000000b6f00000)

Card table byte_map: [0x00007f9425fa2000,0x00007f94261f6000] byte_map_base: 0x00007f94259f5000

Polling page: 0x00007f94296d3000

Code Cache  [0x00007f941d000000, 0x00007f941d290000, 0x00007f9420000000)
 total_blobs=1119 nmethods=868 adapters=204 free_code_cache=46591Kb largest_free_block=47666496

Compilation events (10 events):
Event: 6.091 Thread 0x00007f94200ae000 nmethod 874 0x00007f941d27d8d0 code [0x00007f941d27da20, 0x00007f941d27dab8]
Event: 6.091 Thread 0x00007f94200ae000  875             com.android.dx.io.instructions.RegisterRangeDecodedInstruction::getA (5 bytes)
Event: 6.091 Thread 0x00007f94200ae000 nmethod 875 0x00007f941d279850 code [0x00007f941d279980, 0x00007f941d2799d8]
Event: 6.092 Thread 0x00007f94200ae000  876             com.android.dx.io.instructions.InstructionCodec$23::decode (87 bytes)
Event: 6.093 Thread 0x00007f94200ab800 nmethod 872 0x00007f941d279250 code [0x00007f941d2793c0, 0x00007f941d2795d8]
Event: 6.093 Thread 0x00007f94200ab800  877             com.android.dx.io.instructions.InstructionCodec$23::encode (37 bytes)
Event: 6.096 Thread 0x00007f94200ab800 nmethod 877 0x00007f941d207f50 code [0x00007f941d2080c0, 0x00007f941d208298]
Event: 6.100 Thread 0x00007f94200ae000 nmethod 876 0x00007f941d207450 code [0x00007f941d2075e0, 0x00007f941d207a88]
Event: 6.237 Thread 0x00007f94200ab800  878             sun.misc.VM::isBooted (4 bytes)
Event: 6.237 Thread 0x00007f94200ab800 nmethod 878 0x00007f941d207190 code [0x00007f941d2072c0, 0x00007f941d207318]

GC Heap History (10 events):
Event: 3.911 GC heap after
Heap after GC invocations=4 (full 0):
 PSYoungGen      total 50688K, used 3557K [0x00000000eaa80000, 0x00000000edf80000, 0x0000000100000000)
  eden space 47104K, 0% used [0x00000000eaa80000,0x00000000eaa80000,0x00000000ed880000)
  from space 3584K, 99% used [0x00000000edc00000,0x00000000edf795d0,0x00000000edf80000)
  to   space 3584K, 0% used [0x00000000ed880000,0x00000000ed880000,0x00000000edc00000)
 ParOldGen       total 61440K, used 20526K [0x00000000c0000000, 0x00000000c3c00000, 0x00000000eaa80000)
  object space 61440K, 33% used [0x00000000c0000000,0x00000000c140b840,0x00000000c3c00000)
 PSPermGen       total 21504K, used 7165K [0x00000000b5a00000, 0x00000000b6f00000, 0x00000000c0000000)
  object space 21504K, 33% used [0x00000000b5a00000,0x00000000b60ff450,0x00000000b6f00000)
}
Event: 4.416 GC heap before
{Heap before GC invocations=5 (full 0):
 PSYoungGen      total 50688K, used 50661K [0x00000000eaa80000, 0x00000000edf80000, 0x0000000100000000)
  eden space 47104K, 100% used [0x00000000eaa80000,0x00000000ed880000,0x00000000ed880000)
  from space 3584K, 99% used [0x00000000edc00000,0x00000000edf795d0,0x00000000edf80000)
  to   space 3584K, 0% used [0x00000000ed880000,0x00000000ed880000,0x00000000edc00000)
 ParOldGen       total 61440K, used 20526K [0x00000000c0000000, 0x00000000c3c00000, 0x00000000eaa80000)
  object space 61440K, 33% used [0x00000000c0000000,0x00000000c140b840,0x00000000c3c00000)
 PSPermGen       total 21504K, used 7227K [0x00000000b5a00000, 0x00000000b6f00000, 0x00000000c0000000)
  object space 21504K, 33% used [0x00000000b5a00000,0x00000000b610eda8,0x00000000b6f00000)
Event: 4.720 GC heap after
Heap after GC invocations=5 (full 0):
 PSYoungGen      total 50688K, used 3564K [0x00000000eaa80000, 0x00000000f2080000, 0x0000000100000000)
  eden space 47104K, 0% used [0x00000000eaa80000,0x00000000eaa80000,0x00000000ed880000)
  from space 3584K, 99% used [0x00000000ed880000,0x00000000edbfb050,0x00000000edc00000)
  to   space 13312K, 0% used [0x00000000f1380000,0x00000000f1380000,0x00000000f2080000)
 ParOldGen       total 61440K, used 24784K [0x00000000c0000000, 0x00000000c3c00000, 0x00000000eaa80000)
  object space 61440K, 40% used [0x00000000c0000000,0x00000000c18343b0,0x00000000c3c00000)
 PSPermGen       total 21504K, used 7227K [0x00000000b5a00000, 0x00000000b6f00000, 0x00000000c0000000)
  object space 21504K, 33% used [0x00000000b5a00000,0x00000000b610eda8,0x00000000b6f00000)
}
Event: 5.241 GC heap before
{Heap before GC invocations=6 (full 0):
 PSYoungGen      total 50688K, used 49821K [0x00000000eaa80000, 0x00000000f2080000, 0x0000000100000000)
  eden space 47104K, 98% used [0x00000000eaa80000,0x00000000ed7ac790,0x00000000ed880000)
  from space 3584K, 99% used [0x00000000ed880000,0x00000000edbfb050,0x00000000edc00000)
  to   space 13312K, 0% used [0x00000000f1380000,0x00000000f1380000,0x00000000f2080000)
 ParOldGen       total 61440K, used 24784K [0x00000000c0000000, 0x00000000c3c00000, 0x00000000eaa80000)
  object space 61440K, 40% used [0x00000000c0000000,0x00000000c18343b0,0x00000000c3c00000)
 PSPermGen       total 21504K, used 7331K [0x00000000b5a00000, 0x00000000b6f00000, 0x00000000c0000000)
  object space 21504K, 34% used [0x00000000b5a00000,0x00000000b6128f98,0x00000000b6f00000)
Event: 5.257 GC heap after
Heap after GC invocations=6 (full 0):
 PSYoungGen      total 106496K, used 6715K [0x00000000eaa80000, 0x00000000f1f80000, 0x0000000100000000)
  eden space 94208K, 0% used [0x00000000eaa80000,0x00000000eaa80000,0x00000000f0680000)
  from space 12288K, 54% used [0x00000000f1380000,0x00000000f1a0efe8,0x00000000f1f80000)
  to   space 12800K, 0% used [0x00000000f0680000,0x00000000f0680000,0x00000000f1300000)
 ParOldGen       total 61440K, used 24784K [0x00000000c0000000, 0x00000000c3c00000, 0x00000000eaa80000)
  object space 61440K, 40% used [0x00000000c0000000,0x00000000c18343b0,0x00000000c3c00000)
 PSPermGen       total 21504K, used 7331K [0x00000000b5a00000, 0x00000000b6f00000, 0x00000000c0000000)
  object space 21504K, 34% used [0x00000000b5a00000,0x00000000b6128f98,0x00000000b6f00000)
}
Event: 5.561 GC heap before
{Heap before GC invocations=7 (full 0):
 PSYoungGen      total 106496K, used 98559K [0x00000000eaa80000, 0x00000000f1f80000, 0x0000000100000000)
  eden space 94208K, 97% used [0x00000000eaa80000,0x00000000f0430f80,0x00000000f0680000)
  from space 12288K, 54% used [0x00000000f1380000,0x00000000f1a0efe8,0x00000000f1f80000)
  to   space 12800K, 0% used [0x00000000f0680000,0x00000000f0680000,0x00000000f1300000)
 ParOldGen       total 61440K, used 24784K [0x00000000c0000000, 0x00000000c3c00000, 0x00000000eaa80000)
  object space 61440K, 40% used [0x00000000c0000000,0x00000000c18343b0,0x00000000c3c00000)
 PSPermGen       total 21504K, used 7340K [0x00000000b5a00000, 0x00000000b6f00000, 0x00000000c0000000)
  object space 21504K, 34% used [0x00000000b5a00000,0x00000000b612b318,0x00000000b6f00000)
Event: 5.569 GC heap after
Heap after GC invocations=7 (full 0):
 PSYoungGen      total 107008K, used 7745K [0x00000000eaa80000, 0x00000000f7a80000, 0x0000000100000000)
  eden space 94208K, 0% used [0x00000000eaa80000,0x00000000eaa80000,0x00000000f0680000)
  from space 12800K, 60% used [0x00000000f0680000,0x00000000f0e10490,0x00000000f1300000)
  to   space 12288K, 0% used [0x00000000f6e80000,0x00000000f6e80000,0x00000000f7a80000)
 ParOldGen       total 61440K, used 26799K [0x00000000c0000000, 0x00000000c3c00000, 0x00000000eaa80000)
  object space 61440K, 43% used [0x00000000c0000000,0x00000000c1a2bdb8,0x00000000c3c00000)
 PSPermGen       total 21504K, used 7340K [0x00000000b5a00000, 0x00000000b6f00000, 0x00000000c0000000)
  object space 21504K, 34% used [0x00000000b5a00000,0x00000000b612b318,0x00000000b6f00000)
}
Event: 5.788 GC heap before
{Heap before GC invocations=8 (full 0):
 PSYoungGen      total 107008K, used 101953K [0x00000000eaa80000, 0x00000000f7a80000, 0x0000000100000000)
  eden space 94208K, 100% used [0x00000000eaa80000,0x00000000f0680000,0x00000000f0680000)
  from space 12800K, 60% used [0x00000000f0680000,0x00000000f0e10490,0x00000000f1300000)
  to   space 12288K, 0% used [0x00000000f6e80000,0x00000000f6e80000,0x00000000f7a80000)
 ParOldGen       total 61440K, used 26799K [0x00000000c0000000, 0x00000000c3c00000, 0x00000000eaa80000)
  object space 61440K, 43% used [0x00000000c0000000,0x00000000c1a2bdb8,0x00000000c3c00000)
 PSPermGen       total 21504K, used 7348K [0x00000000b5a00000, 0x00000000b6f00000, 0x00000000c0000000)
  object space 21504K, 34% used [0x00000000b5a00000,0x00000000b612d1d0,0x00000000b6f00000)
Event: 5.796 GC heap after
Heap after GC invocations=8 (full 0):
 PSYoungGen      total 198656K, used 12278K [0x00000000eaa80000, 0x00000000f7e80000, 0x0000000100000000)
  eden space 186368K, 0% used [0x00000000eaa80000,0x00000000eaa80000,0x00000000f6080000)
  from space 12288K, 99% used [0x00000000f6e80000,0x00000000f7a7d9a8,0x00000000f7a80000)
  to   space 14336K, 0% used [0x00000000f6080000,0x00000000f6080000,0x00000000f6e80000)
 ParOldGen       total 61440K, used 27797K [0x00000000c0000000, 0x00000000c3c00000, 0x00000000eaa80000)
  object space 61440K, 45% used [0x00000000c0000000,0x00000000c1b25578,0x00000000c3c00000)
 PSPermGen       total 21504K, used 7348K [0x00000000b5a00000, 0x00000000b6f00000, 0x00000000c0000000)
  object space 21504K, 34% used [0x00000000b5a00000,0x00000000b612d1d0,0x00000000b6f00000)
}
Event: 6.271 GC heap before
{Heap before GC invocations=9 (full 0):
 PSYoungGen      total 198656K, used 198646K [0x00000000eaa80000, 0x00000000f7e80000, 0x0000000100000000)
  eden space 186368K, 100% used [0x00000000eaa80000,0x00000000f6080000,0x00000000f6080000)
  from space 12288K, 99% used [0x00000000f6e80000,0x00000000f7a7d9a8,0x00000000f7a80000)
  to   space 14336K, 0% used [0x00000000f6080000,0x00000000f6080000,0x00000000f6e80000)
 ParOldGen       total 61440K, used 27797K [0x00000000c0000000, 0x00000000c3c00000, 0x00000000eaa80000)
  object space 61440K, 45% used [0x00000000c0000000,0x00000000c1b25578,0x00000000c3c00000)
 PSPermGen       total 21504K, used 7350K [0x00000000b5a00000, 0x00000000b6f00000, 0x00000000c0000000)
  object space 21504K, 34% used [0x00000000b5a00000,0x00000000b612d998,0x00000000b6f00000)

Deoptimization events (10 events):
Event: 4.812 Thread 0x00007f942000c000 Uncommon trap: reason=array_check action=maybe_recompile pc=0x00007f941d20c904 method=java.util.ComparableTimSort.binarySort([Ljava/lang/Object;III)V @ 193
Event: 4.842 Thread 0x00007f942000c000 Uncommon trap: reason=predicate action=maybe_recompile pc=0x00007f941d21a398 method=java.util.TimSort.binarySort([Ljava/lang/Object;IIILjava/util/Comparator;)V @ 37
Event: 5.240 Thread 0x00007f942000c000 Uncommon trap: reason=array_check action=maybe_recompile pc=0x00007f941d23841c method=java.util.ComparableTimSort.binarySort([Ljava/lang/Object;III)V @ 183
Event: 5.274 Thread 0x00007f942000c000 Uncommon trap: reason=array_check action=maybe_recompile pc=0x00007f941d1fa38c method=java.util.TimSort.binarySort([Ljava/lang/Object;IIILjava/util/Comparator;)V @ 183
Event: 5.274 Thread 0x00007f942000c000 Uncommon trap: reason=array_check action=maybe_recompile pc=0x00007f941d1fa1cc method=java.util.TimSort.binarySort([Ljava/lang/Object;IIILjava/util/Comparator;)V @ 215
Event: 5.274 Thread 0x00007f942000c000 Uncommon trap: reason=array_check action=maybe_recompile pc=0x00007f941d1fa1cc method=java.util.TimSort.binarySort([Ljava/lang/Object;IIILjava/util/Comparator;)V @ 215
Event: 5.274 Thread 0x00007f942000c000 Uncommon trap: reason=array_check action=maybe_recompile pc=0x00007f941d1fa38c method=java.util.TimSort.binarySort([Ljava/lang/Object;IIILjava/util/Comparator;)V @ 183
Event: 5.401 Thread 0x00007f942000c000 Uncommon trap: reason=array_check action=maybe_recompile pc=0x00007f941d23841c method=java.util.ComparableTimSort.binarySort([Ljava/lang/Object;III)V @ 183
Event: 5.414 Thread 0x00007f942000c000 Uncommon trap: reason=array_check action=maybe_recompile pc=0x00007f941d247330 method=java.util.TimSort.binarySort([Ljava/lang/Object;IIILjava/util/Comparator;)V @ 193
Event: 5.414 Thread 0x00007f942000c000 Uncommon trap: reason=array_check action=maybe_recompile pc=0x00007f941d247330 method=java.util.TimSort.binarySort([Ljava/lang/Object;IIILjava/util/Comparator;)V @ 193

Internal exceptions (10 events):
Event: 3.489 Thread 0x00007f942000c000 Threw 0x00000000eb038958 at /build/buildd/openjdk-7-7u79-2.5.5/build/openjdk/hotspot/src/share/vm/prims/jvm.cpp:1284
Event: 3.489 Thread 0x00007f942000c000 Threw 0x00000000eb03c5f0 at /build/buildd/openjdk-7-7u79-2.5.5/build/openjdk/hotspot/src/share/vm/prims/jvm.cpp:1284
Event: 3.489 Thread 0x00007f942000c000 Threw 0x00000000eb0403a0 at /build/buildd/openjdk-7-7u79-2.5.5/build/openjdk/hotspot/src/share/vm/prims/jvm.cpp:1284
Event: 3.491 Thread 0x00007f942000c000 Threw 0x00000000eb046350 at /build/buildd/openjdk-7-7u79-2.5.5/build/openjdk/hotspot/src/share/vm/prims/jvm.cpp:1284
Event: 3.491 Thread 0x00007f942000c000 Threw 0x00000000eb049e50 at /build/buildd/openjdk-7-7u79-2.5.5/build/openjdk/hotspot/src/share/vm/prims/jvm.cpp:1284
Event: 3.491 Thread 0x00007f942000c000 Threw 0x00000000eb04db48 at /build/buildd/openjdk-7-7u79-2.5.5/build/openjdk/hotspot/src/share/vm/prims/jvm.cpp:1284
Event: 3.492 Thread 0x00007f942000c000 Threw 0x00000000eb051590 at /build/buildd/openjdk-7-7u79-2.5.5/build/openjdk/hotspot/src/share/vm/prims/jvm.cpp:1284
Event: 3.494 Thread 0x00007f942000c000 Threw 0x00000000eb059058 at /build/buildd/openjdk-7-7u79-2.5.5/build/openjdk/hotspot/src/share/vm/prims/jvm.cpp:1284
Event: 3.494 Thread 0x00007f942000c000 Threw 0x00000000eb05bbe0 at /build/buildd/openjdk-7-7u79-2.5.5/build/openjdk/hotspot/src/share/vm/prims/jvm.cpp:1284
Event: 4.073 Thread 0x00007f942000c000 Threw 0x00000000eaf60f78 at /build/buildd/openjdk-7-7u79-2.5.5/build/openjdk/hotspot/src/share/vm/prims/jvm.cpp:1284

Events (10 events):
Event: 5.414 Thread 0x00007f942000c000 DEOPT UNPACKING pc=0x00007f941d039445 sp=0x00007f94296af488 mode 2
Event: 5.414 Thread 0x00007f942000c000 Uncommon trap: trap_request=0xffffffd6 fr.pc=0x00007f941d247330
Event: 5.414 Thread 0x00007f942000c000 DEOPT PACKING pc=0x00007f941d247330 sp=0x00007f94296af4b0
Event: 5.414 Thread 0x00007f942000c000 DEOPT UNPACKING pc=0x00007f941d039445 sp=0x00007f94296af488 mode 2
Event: 5.561 Executing VM operation: ParallelGCFailedAllocation
Event: 5.569 Executing VM operation: ParallelGCFailedAllocation done
Event: 5.788 Executing VM operation: ParallelGCFailedAllocation
Event: 5.796 Executing VM operation: ParallelGCFailedAllocation done
Event: 6.090 Thread 0x00007f94200ae000 flushing nmethod 0x00007f941d207190
Event: 6.271 Executing VM operation: ParallelGCFailedAllocation


Dynamic libraries:
00400000-00401000 r-xp 00000000 08:07 12983563                           /usr/lib/jvm/java-7-openjdk-amd64/jre/bin/java
00600000-00601000 r--p 00000000 08:07 12983563                           /usr/lib/jvm/java-7-openjdk-amd64/jre/bin/java
00601000-00602000 rw-p 00001000 08:07 12983563                           /usr/lib/jvm/java-7-openjdk-amd64/jre/bin/java
00af7000-00b18000 rw-p 00000000 00:00 0                                  [heap]
b5a00000-b6f00000 rw-p 00000000 00:00 0 
b6f00000-c0000000 rw-p 00000000 00:00 0 
c0000000-c3c00000 rw-p 00000000 00:00 0 
c3c00000-eaa80000 rw-p 00000000 00:00 0 
eaa80000-f7e80000 rw-p 00000000 00:00 0 
feb00000-100000000 rw-p 00000000 00:00 0 
7f93e8000000-7f93e8021000 rw-p 00000000 00:00 0 
7f93e8021000-7f93ec000000 ---p 00000000 00:00 0 
7f93ec000000-7f93ec021000 rw-p 00000000 00:00 0 
7f93ec021000-7f93f0000000 ---p 00000000 00:00 0 
7f93f0000000-7f93f1175000 rw-p 00000000 00:00 0 
7f93f1175000-7f93f4000000 ---p 00000000 00:00 0 
7f93f4000000-7f93f5751000 rw-p 00000000 00:00 0 
7f93f5751000-7f93f8000000 ---p 00000000 00:00 0 
7f93f8000000-7f93f8021000 rw-p 00000000 00:00 0 
7f93f8021000-7f93fc000000 ---p 00000000 00:00 0 
7f93fc000000-7f93fc021000 rw-p 00000000 00:00 0 
7f93fc021000-7f9400000000 ---p 00000000 00:00 0 
7f9400000000-7f9400241000 rw-p 00000000 00:00 0 
7f9400241000-7f9404000000 ---p 00000000 00:00 0 
7f9404000000-7f9404021000 rw-p 00000000 00:00 0 
7f9404021000-7f9408000000 ---p 00000000 00:00 0 
7f9408000000-7f9408021000 rw-p 00000000 00:00 0 
7f9408021000-7f940c000000 ---p 00000000 00:00 0 
7f940c77c000-7f940c7b9000 r-xp 00000000 08:07 9965564                    /lib/x86_64-linux-gnu/libpcre.so.3.13.1
7f940c7b9000-7f940c9b8000 ---p 0003d000 08:07 9965564                    /lib/x86_64-linux-gnu/libpcre.so.3.13.1
7f940c9b8000-7f940c9b9000 r--p 0003c000 08:07 9965564                    /lib/x86_64-linux-gnu/libpcre.so.3.13.1
7f940c9b9000-7f940c9ba000 rw-p 0003d000 08:07 9965564                    /lib/x86_64-linux-gnu/libpcre.so.3.13.1
7f940c9ba000-7f940c9c1000 r-xp 00000000 08:07 12328867                   /usr/lib/x86_64-linux-gnu/libffi.so.6.0.1
7f940c9c1000-7f940cbc0000 ---p 00007000 08:07 12328867                   /usr/lib/x86_64-linux-gnu/libffi.so.6.0.1
7f940cbc0000-7f940cbc1000 r--p 00006000 08:07 12328867                   /usr/lib/x86_64-linux-gnu/libffi.so.6.0.1
7f940cbc1000-7f940cbc2000 rw-p 00007000 08:07 12328867                   /usr/lib/x86_64-linux-gnu/libffi.so.6.0.1
7f940cbc2000-7f940cbd9000 r-xp 00000000 08:07 9962270                    /lib/x86_64-linux-gnu/libresolv-2.19.so
7f940cbd9000-7f940cdd9000 ---p 00017000 08:07 9962270                    /lib/x86_64-linux-gnu/libresolv-2.19.so
7f940cdd9000-7f940cdda000 r--p 00017000 08:07 9962270                    /lib/x86_64-linux-gnu/libresolv-2.19.so
7f940cdda000-7f940cddb000 rw-p 00018000 08:07 9962270                    /lib/x86_64-linux-gnu/libresolv-2.19.so
7f940cddb000-7f940cddd000 rw-p 00000000 00:00 0 
7f940cddd000-7f940cdfd000 r-xp 00000000 08:07 9965591                    /lib/x86_64-linux-gnu/libselinux.so.1
7f940cdfd000-7f940cffc000 ---p 00020000 08:07 9965591                    /lib/x86_64-linux-gnu/libselinux.so.1
7f940cffc000-7f940cffd000 r--p 0001f000 08:07 9965591                    /lib/x86_64-linux-gnu/libselinux.so.1
7f940cffd000-7f940cffe000 rw-p 00020000 08:07 9965591                    /lib/x86_64-linux-gnu/libselinux.so.1
7f940cffe000-7f940d000000 rw-p 00000000 00:00 0 
7f940d000000-7f940d003000 r-xp 00000000 08:07 12321132                   /usr/lib/x86_64-linux-gnu/libgmodule-2.0.so.0.4002.0
7f940d003000-7f940d202000 ---p 00003000 08:07 12321132                   /usr/lib/x86_64-linux-gnu/libgmodule-2.0.so.0.4002.0
7f940d202000-7f940d203000 r--p 00002000 08:07 12321132                   /usr/lib/x86_64-linux-gnu/libgmodule-2.0.so.0.4002.0
7f940d203000-7f940d204000 rw-p 00003000 08:07 12321132                   /usr/lib/x86_64-linux-gnu/libgmodule-2.0.so.0.4002.0
7f940d204000-7f940d30a000 r-xp 00000000 08:07 9962335                    /lib/x86_64-linux-gnu/libglib-2.0.so.0.4002.0
7f940d30a000-7f940d509000 ---p 00106000 08:07 9962335                    /lib/x86_64-linux-gnu/libglib-2.0.so.0.4002.0
7f940d509000-7f940d50a000 r--p 00105000 08:07 9962335                    /lib/x86_64-linux-gnu/libglib-2.0.so.0.4002.0
7f940d50a000-7f940d50b000 rw-p 00106000 08:07 9962335                    /lib/x86_64-linux-gnu/libglib-2.0.so.0.4002.0
7f940d50b000-7f940d50c000 rw-p 00000000 00:00 0 
7f940d50c000-7f940d55b000 r-xp 00000000 08:07 12321150                   /usr/lib/x86_64-linux-gnu/libgobject-2.0.so.0.4002.0
7f940d55b000-7f940d75b000 ---p 0004f000 08:07 12321150                   /usr/lib/x86_64-linux-gnu/libgobject-2.0.so.0.4002.0
7f940d75b000-7f940d75c000 r--p 0004f000 08:07 12321150                   /usr/lib/x86_64-linux-gnu/libgobject-2.0.so.0.4002.0
7f940d75c000-7f940d75d000 rw-p 00050000 08:07 12321150                   /usr/lib/x86_64-linux-gnu/libgobject-2.0.so.0.4002.0
7f940d75d000-7f940d8c9000 r-xp 00000000 08:07 12321154                   /usr/lib/x86_64-linux-gnu/libgio-2.0.so.0.4002.0
7f940d8c9000-7f940dac8000 ---p 0016c000 08:07 12321154                   /usr/lib/x86_64-linux-gnu/libgio-2.0.so.0.4002.0
7f940dac8000-7f940dacc000 r--p 0016b000 08:07 12321154                   /usr/lib/x86_64-linux-gnu/libgio-2.0.so.0.4002.0
7f940dacc000-7f940dace000 rw-p 0016f000 08:07 12321154                   /usr/lib/x86_64-linux-gnu/libgio-2.0.so.0.4002.0
7f940dace000-7f9410000000 rw-p 00000000 00:00 0 
7f9410000000-7f9410021000 rw-p 00000000 00:00 0 
7f9410021000-7f9414000000 ---p 00000000 00:00 0 
7f9414000000-7f9414021000 rw-p 00000000 00:00 0 
7f9414021000-7f9418000000 ---p 00000000 00:00 0 
7f9418000000-7f9418021000 rw-p 00000000 00:00 0 
7f9418021000-7f941c000000 ---p 00000000 00:00 0 
7f941c0f0000-7f941c107000 r-xp 00000000 08:07 12983691                   /usr/lib/jvm/java-7-openjdk-amd64/jre/lib/amd64/libnet.so
7f941c107000-7f941c306000 ---p 00017000 08:07 12983691                   /usr/lib/jvm/java-7-openjdk-amd64/jre/lib/amd64/libnet.so
7f941c306000-7f941c307000 r--p 00016000 08:07 12983691                   /usr/lib/jvm/java-7-openjdk-amd64/jre/lib/amd64/libnet.so
7f941c307000-7f941c308000 rw-p 00017000 08:07 12983691                   /usr/lib/jvm/java-7-openjdk-amd64/jre/lib/amd64/libnet.so
7f941c308000-7f941c318000 r-xp 00000000 08:07 12983639                   /usr/lib/jvm/java-7-openjdk-amd64/jre/lib/amd64/libnio.so
7f941c318000-7f941c518000 ---p 00010000 08:07 12983639                   /usr/lib/jvm/java-7-openjdk-amd64/jre/lib/amd64/libnio.so
7f941c518000-7f941c519000 r--p 00010000 08:07 12983639                   /usr/lib/jvm/java-7-openjdk-amd64/jre/lib/amd64/libnio.so
7f941c519000-7f941c51a000 rw-p 00011000 08:07 12983639                   /usr/lib/jvm/java-7-openjdk-amd64/jre/lib/amd64/libnio.so
7f941c51a000-7f941c51b000 ---p 00000000 00:00 0 
7f941c51b000-7f941c61b000 rw-p 00000000 00:00 0                          [stack:12516]
7f941c61b000-7f941c61e000 ---p 00000000 00:00 0 
7f941c61e000-7f941c71c000 rw-p 00000000 00:00 0                          [stack:12515]
7f941c71c000-7f941c71f000 ---p 00000000 00:00 0 
7f941c71f000-7f941c81d000 rw-p 00000000 00:00 0                          [stack:12514]
7f941c81d000-7f941c820000 ---p 00000000 00:00 0 
7f941c820000-7f941c91e000 rw-p 00000000 00:00 0                          [stack:12513]
7f941c91e000-7f941d000000 r--p 00000000 08:07 12327591                   /usr/lib/locale/locale-archive
7f941d000000-7f941d290000 rwxp 00000000 00:00 0 
7f941d290000-7f9420287000 rw-p 00000000 00:00 0 
7f9420287000-7f9424000000 ---p 00000000 00:00 0 
7f94240e3000-7f94240e8000 r--s 0004d000 08:07 12983715                   /usr/lib/jvm/java-7-openjdk-amd64/jre/lib/jsse.jar
7f94240e8000-7f94240f7000 r--s 000dd000 08:07 16911911                   /home/akash/Android/Sdk/build-tools/21.1.2/lib/dx.jar
7f94240f7000-7f94240fa000 ---p 00000000 00:00 0 
7f94240fa000-7f94241f8000 rw-p 00000000 00:00 0                          [stack:12512]
7f94241f8000-7f94241fb000 ---p 00000000 00:00 0 
7f94241fb000-7f94242f9000 rw-p 00000000 00:00 0                          [stack:12511]
7f94242f9000-7f94242fc000 ---p 00000000 00:00 0 
7f94242fc000-7f94243fa000 rw-p 00000000 00:00 0                          [stack:12510]
7f94243fa000-7f94243fb000 ---p 00000000 00:00 0 
7f94243fb000-7f94254f8000 rw-p 00000000 00:00 0                          [stack:12509]
7f94254f8000-7f94256a9000 r--s 01d27000 08:07 12983699                   /usr/lib/jvm/java-7-openjdk-amd64/jre/lib/rt.jar
7f94256a9000-7f94259f5000 rw-p 00000000 00:00 0 
7f94259f5000-7f94259f6000 ---p 00000000 00:00 0 
7f94259f6000-7f9425af6000 rw-p 00000000 00:00 0                          [stack:12508]
7f9425af6000-7f9425af7000 ---p 00000000 00:00 0 
7f9425af7000-7f9425bf7000 rw-p 00000000 00:00 0                          [stack:12507]
7f9425bf7000-7f9425bf8000 ---p 00000000 00:00 0 
7f9425bf8000-7f9425cf8000 rw-p 00000000 00:00 0                          [stack:12506]
7f9425cf8000-7f9425cf9000 ---p 00000000 00:00 0 
7f9425cf9000-7f9425e04000 rw-p 00000000 00:00 0                          [stack:12505]
7f9425e04000-7f9425e4c000 rw-p 00000000 00:00 0 
7f9425e4c000-7f9425e6a000 rw-p 00000000 00:00 0 
7f9425e6a000-7f9425fa2000 rw-p 00000000 00:00 0 
7f9425fa2000-7f9425fad000 rw-p 00000000 00:00 0 
7f9425fad000-7f9425ff5000 rw-p 00000000 00:00 0 
7f9425ff5000-7f9426013000 rw-p 00000000 00:00 0 
7f9426013000-7f942614a000 rw-p 00000000 00:00 0 
7f942614a000-7f94261b5000 rw-p 00000000 00:00 0 
7f94261b5000-7f94261f5000 rw-p 00000000 00:00 0 
7f94261f5000-7f94261f6000 rw-p 00000000 00:00 0 
7f94261f6000-7f94261fe000 r-xp 00000000 08:07 12983635                   /usr/lib/jvm/java-7-openjdk-amd64/jre/lib/amd64/libzip.so
7f94261fe000-7f94263fd000 ---p 00008000 08:07 12983635                   /usr/lib/jvm/java-7-openjdk-amd64/jre/lib/amd64/libzip.so
7f94263fd000-7f94263fe000 r--p 00007000 08:07 12983635                   /usr/lib/jvm/java-7-openjdk-amd64/jre/lib/amd64/libzip.so
7f94263fe000-7f94263ff000 rw-p 00008000 08:07 12983635                   /usr/lib/jvm/java-7-openjdk-amd64/jre/lib/amd64/libzip.so
7f94263ff000-7f942640a000 r-xp 00000000 08:07 9962358                    /lib/x86_64-linux-gnu/libnss_files-2.19.so
7f942640a000-7f9426609000 ---p 0000b000 08:07 9962358                    /lib/x86_64-linux-gnu/libnss_files-2.19.so
7f9426609000-7f942660a000 r--p 0000a000 08:07 9962358                    /lib/x86_64-linux-gnu/libnss_files-2.19.so
7f942660a000-7f942660b000 rw-p 0000b000 08:07 9962358                    /lib/x86_64-linux-gnu/libnss_files-2.19.so
7f942660b000-7f9426616000 r-xp 00000000 08:07 9962397                    /lib/x86_64-linux-gnu/libnss_nis-2.19.so
7f9426616000-7f9426815000 ---p 0000b000 08:07 9962397                    /lib/x86_64-linux-gnu/libnss_nis-2.19.so
7f9426815000-7f9426816000 r--p 0000a000 08:07 9962397                    /lib/x86_64-linux-gnu/libnss_nis-2.19.so
7f9426816000-7f9426817000 rw-p 0000b000 08:07 9962397                    /lib/x86_64-linux-gnu/libnss_nis-2.19.so
7f9426817000-7f942682e000 r-xp 00000000 08:07 9962376                    /lib/x86_64-linux-gnu/libnsl-2.19.so
7f942682e000-7f9426a2d000 ---p 00017000 08:07 9962376                    /lib/x86_64-linux-gnu/libnsl-2.19.so
7f9426a2d000-7f9426a2e000 r--p 00016000 08:07 9962376                    /lib/x86_64-linux-gnu/libnsl-2.19.so
7f9426a2e000-7f9426a2f000 rw-p 00017000 08:07 9962376                    /lib/x86_64-linux-gnu/libnsl-2.19.so
7f9426a2f000-7f9426a31000 rw-p 00000000 00:00 0 
7f9426a31000-7f9426a3a000 r-xp 00000000 08:07 9962374                    /lib/x86_64-linux-gnu/libnss_compat-2.19.so
7f9426a3a000-7f9426c39000 ---p 00009000 08:07 9962374                    /lib/x86_64-linux-gnu/libnss_compat-2.19.so
7f9426c39000-7f9426c3a000 r--p 00008000 08:07 9962374                    /lib/x86_64-linux-gnu/libnss_compat-2.19.so
7f9426c3a000-7f9426c3b000 rw-p 00009000 08:07 9962374                    /lib/x86_64-linux-gnu/libnss_compat-2.19.so
7f9426c3b000-7f9426c66000 r-xp 00000000 08:07 12983689                   /usr/lib/jvm/java-7-openjdk-amd64/jre/lib/amd64/libjava.so
7f9426c66000-7f9426e66000 ---p 0002b000 08:07 12983689                   /usr/lib/jvm/java-7-openjdk-amd64/jre/lib/amd64/libjava.so
7f9426e66000-7f9426e67000 r--p 0002b000 08:07 12983689                   /usr/lib/jvm/java-7-openjdk-amd64/jre/lib/amd64/libjava.so
7f9426e67000-7f9426e69000 rw-p 0002c000 08:07 12983689                   /usr/lib/jvm/java-7-openjdk-amd64/jre/lib/amd64/libjava.so
7f9426e69000-7f9426e79000 r-xp 00000000 08:07 12983684                   /usr/lib/jvm/java-7-openjdk-amd64/jre/lib/amd64/libverify.so
7f9426e79000-7f9427078000 ---p 00010000 08:07 12983684                   /usr/lib/jvm/java-7-openjdk-amd64/jre/lib/amd64/libverify.so
7f9427078000-7f942707a000 r--p 0000f000 08:07 12983684                   /usr/lib/jvm/java-7-openjdk-amd64/jre/lib/amd64/libverify.so
7f942707a000-7f942707b000 rw-p 00011000 08:07 12983684                   /usr/lib/jvm/java-7-openjdk-amd64/jre/lib/amd64/libverify.so
7f942707b000-7f9427082000 r-xp 00000000 08:07 9962392                    /lib/x86_64-linux-gnu/librt-2.19.so
7f9427082000-7f9427281000 ---p 00007000 08:07 9962392                    /lib/x86_64-linux-gnu/librt-2.19.so
7f9427281000-7f9427282000 r--p 00006000 08:07 9962392                    /lib/x86_64-linux-gnu/librt-2.19.so
7f9427282000-7f9427283000 rw-p 00007000 08:07 9962392                    /lib/x86_64-linux-gnu/librt-2.19.so
7f9427283000-7f9427299000 r-xp 00000000 08:07 9961477                    /lib/x86_64-linux-gnu/libgcc_s.so.1
7f9427299000-7f9427498000 ---p 00016000 08:07 9961477                    /lib/x86_64-linux-gnu/libgcc_s.so.1
7f9427498000-7f9427499000 rw-p 00015000 08:07 9961477                    /lib/x86_64-linux-gnu/libgcc_s.so.1
7f9427499000-7f942759e000 r-xp 00000000 08:07 9962356                    /lib/x86_64-linux-gnu/libm-2.19.so
7f942759e000-7f942779d000 ---p 00105000 08:07 9962356                    /lib/x86_64-linux-gnu/libm-2.19.so
7f942779d000-7f942779e000 r--p 00104000 08:07 9962356                    /lib/x86_64-linux-gnu/libm-2.19.so
7f942779e000-7f942779f000 rw-p 00105000 08:07 9962356                    /lib/x86_64-linux-gnu/libm-2.19.so
7f942779f000-7f9427885000 r-xp 00000000 08:07 12329495                   /usr/lib/x86_64-linux-gnu/libstdc++.so.6.0.19
7f9427885000-7f9427a84000 ---p 000e6000 08:07 12329495                   /usr/lib/x86_64-linux-gnu/libstdc++.so.6.0.19
7f9427a84000-7f9427a8c000 r--p 000e5000 08:07 12329495                   /usr/lib/x86_64-linux-gnu/libstdc++.so.6.0.19
7f9427a8c000-7f9427a8e000 rw-p 000ed000 08:07 12329495                   /usr/lib/x86_64-linux-gnu/libstdc++.so.6.0.19
7f9427a8e000-7f9427aa3000 rw-p 00000000 00:00 0 
7f9427aa3000-7f94285bb000 r-xp 00000000 08:07 12983697                   /usr/lib/jvm/java-7-openjdk-amd64/jre/lib/amd64/server/libjvm.so
7f94285bb000-7f94287bb000 ---p 00b18000 08:07 12983697                   /usr/lib/jvm/java-7-openjdk-amd64/jre/lib/amd64/server/libjvm.so
7f94287bb000-7f9428855000 r--p 00b18000 08:07 12983697                   /usr/lib/jvm/java-7-openjdk-amd64/jre/lib/amd64/server/libjvm.so
7f9428855000-7f9428878000 rw-p 00bb2000 08:07 12983697                   /usr/lib/jvm/java-7-openjdk-amd64/jre/lib/amd64/server/libjvm.so
7f9428878000-7f94288a6000 rw-p 00000000 00:00 0 
7f94288a6000-7f94288be000 r-xp 00000000 08:07 9965624                    /lib/x86_64-linux-gnu/libz.so.1.2.8
7f94288be000-7f9428abd000 ---p 00018000 08:07 9965624                    /lib/x86_64-linux-gnu/libz.so.1.2.8
7f9428abd000-7f9428abe000 r--p 00017000 08:07 9965624                    /lib/x86_64-linux-gnu/libz.so.1.2.8
7f9428abe000-7f9428abf000 rw-p 00018000 08:07 9965624                    /lib/x86_64-linux-gnu/libz.so.1.2.8
7f9428abf000-7f9428ad8000 r-xp 00000000 08:07 9962388                    /lib/x86_64-linux-gnu/libpthread-2.19.so
7f9428ad8000-7f9428cd7000 ---p 00019000 08:07 9962388                    /lib/x86_64-linux-gnu/libpthread-2.19.so
7f9428cd7000-7f9428cd8000 r--p 00018000 08:07 9962388                    /lib/x86_64-linux-gnu/libpthread-2.19.so
7f9428cd8000-7f9428cd9000 rw-p 00019000 08:07 9962388                    /lib/x86_64-linux-gnu/libpthread-2.19.so
7f9428cd9000-7f9428cdd000 rw-p 00000000 00:00 0 
7f9428cdd000-7f9428ce0000 r-xp 00000000 08:07 9962364                    /lib/x86_64-linux-gnu/libdl-2.19.so
7f9428ce0000-7f9428edf000 ---p 00003000 08:07 9962364                    /lib/x86_64-linux-gnu/libdl-2.19.so
7f9428edf000-7f9428ee0000 r--p 00002000 08:07 9962364                    /lib/x86_64-linux-gnu/libdl-2.19.so
7f9428ee0000-7f9428ee1000 rw-p 00003000 08:07 9962364                    /lib/x86_64-linux-gnu/libdl-2.19.so
7f9428ee1000-7f942909c000 r-xp 00000000 08:07 9962386                    /lib/x86_64-linux-gnu/libc-2.19.so
7f942909c000-7f942929b000 ---p 001bb000 08:07 9962386                    /lib/x86_64-linux-gnu/libc-2.19.so
7f942929b000-7f942929f000 r--p 001ba000 08:07 9962386                    /lib/x86_64-linux-gnu/libc-2.19.so
7f942929f000-7f94292a1000 rw-p 001be000 08:07 9962386                    /lib/x86_64-linux-gnu/libc-2.19.so
7f94292a1000-7f94292a6000 rw-p 00000000 00:00 0 
7f94292a6000-7f94292b3000 r-xp 00000000 08:07 12983609                   /usr/lib/jvm/java-7-openjdk-amd64/jre/lib/amd64/jli/libjli.so
7f94292b3000-7f94294b2000 ---p 0000d000 08:07 12983609                   /usr/lib/jvm/java-7-openjdk-amd64/jre/lib/amd64/jli/libjli.so
7f94294b2000-7f94294b3000 r--p 0000c000 08:07 12983609                   /usr/lib/jvm/java-7-openjdk-amd64/jre/lib/amd64/jli/libjli.so
7f94294b3000-7f94294b4000 rw-p 0000d000 08:07 12983609                   /usr/lib/jvm/java-7-openjdk-amd64/jre/lib/amd64/jli/libjli.so
7f94294b4000-7f94294d7000 r-xp 00000000 08:07 9962380                    /lib/x86_64-linux-gnu/ld-2.19.so
7f94294d8000-7f94294fb000 rw-p 00000000 00:00 0 
7f94294fb000-7f94295b0000 rw-p 00000000 00:00 0 
7f94295b0000-7f94295b3000 ---p 00000000 00:00 0 
7f94295b3000-7f94296b7000 rw-p 00000000 00:00 0                          [stack:12504]
7f94296b7000-7f94296b8000 r--s 00002000 08:07 12983703                   /usr/lib/jvm/java-7-openjdk-amd64/jre/lib/ext/dnsns.jar
7f94296b8000-7f94296bb000 r--s 00086000 08:07 12983705                   /usr/lib/jvm/java-7-openjdk-amd64/jre/lib/ext/localedata.jar
7f94296bb000-7f94296bd000 r--s 00012000 08:07 12983707                   /usr/lib/jvm/java-7-openjdk-amd64/jre/lib/ext/zipfs.jar
7f94296bd000-7f94296c0000 r--s 0000f000 08:07 12983702                   /usr/lib/jvm/java-7-openjdk-amd64/jre/lib/ext/icedtea-sound.jar
7f94296c0000-7f94296c4000 r--s 00034000 08:07 12983706                   /usr/lib/jvm/java-7-openjdk-amd64/jre/lib/ext/sunjce_provider.jar
7f94296c4000-7f94296c8000 r--s 0003c000 08:07 12983704                   /usr/lib/jvm/java-7-openjdk-amd64/jre/lib/ext/sunpkcs11.jar
7f94296c8000-7f94296ca000 r--s 00006000 08:07 12719996                   /usr/share/java/java-atk-wrapper.jar
7f94296ca000-7f94296d2000 rw-s 00000000 08:07 8389436                    /tmp/hsperfdata_akash/12499
7f94296d2000-7f94296d3000 rw-p 00000000 00:00 0 
7f94296d3000-7f94296d4000 ---p 00000000 00:00 0 
7f94296d4000-7f94296d6000 rw-p 00000000 00:00 0 
7f94296d6000-7f94296d7000 r--p 00022000 08:07 9962380                    /lib/x86_64-linux-gnu/ld-2.19.so
7f94296d7000-7f94296d8000 rw-p 00023000 08:07 9962380                    /lib/x86_64-linux-gnu/ld-2.19.so
7f94296d8000-7f94296d9000 rw-p 00000000 00:00 0 
7fff66809000-7fff6682b000 rw-p 00000000 00:00 0                          [stack]
7fff66846000-7fff66848000 r-xp 00000000 00:00 0                          [vdso]
ffffffffff600000-ffffffffff601000 r-xp 00000000 00:00 0                  [vsyscall]

VM Arguments:
jvm_args: -Xmx1024M -Dfile.encoding=UTF-8 -Duser.country=US -Duser.language=en -Duser.variant 
java_command: com.android.dx.command.Main --dex --output /home/akash/Android/cs-IIT-project/Geo-Reminder (2)/app/build/intermediates/dex/debug /home/akash/Android/cs-IIT-project/Geo-Reminder (2)/app/build/intermediates/classes/debug /home/akash/Android/cs-IIT-project/Geo-Reminder (2)/app/build/intermediates/pre-dexed/debug/support-annotations-22.0.0-f1ff7a9702686f0e19cc7cf198715767686162aa.jar /home/akash/Android/cs-IIT-project/Geo-Reminder (2)/app/build/intermediates/pre-dexed/debug/classes-d3cecc76dab323b6c510f15f1bfc9b495957028e.jar /home/akash/Android/cs-IIT-project/Geo-Reminder (2)/app/build/intermediates/pre-dexed/debug/classes-b7cb214e27336e07caba3d1fd1213a5be6c8fd7d.jar /home/akash/Android/cs-IIT-project/Geo-Reminder (2)/app/build/intermediates/pre-dexed/debug/classes-8b949fdc5ecbdd16a14435dd857a5fb09f63e39a.jar /home/akash/Android/cs-IIT-project/Geo-Reminder (2)/app/build/intermediates/pre-dexed/debug/classes-a764bfa03f977fff31030fa9bb55391a642f67a3.jar /home/akash/Android/cs-IIT-project/Geo-Reminder (2)/app/build/intermediates/pre-dexed/debug/classes-5f0dd3f22090149495b835fd9542a360c96feaf6.jar /home/akash/Android/cs-IIT-project/Geo-Reminder (2)/app/build/intermediates/pre-dexed/debug/classes-9867942327dfbff482d028c949807ee90ea7a227.jar /home/akash/Android/cs-IIT-project/Geo-Reminder (2)/app/build/intermediates/pre-dexed/debug/classes-afe2043c13e02ed03ffed94059d2d102f0527ee8.jar /home/akash/Android/cs-IIT-project/Geo-Reminder (2)/app/build/intermediates/pre-dexed/debug/classes-78f50f3170a067e1d0455fb49b8978f46dca0be4.jar /home/akash/Android/cs-IIT-project/Geo-Reminder (2)/app/build/intermediates/pre-dexed/debug/classes-1352329ea160c03a5c7783fe6b8d23369b7b44f7.jar /home/akash/Android/cs-IIT-project/Geo-Reminder (2)/app/build/intermediates/pre-dexed/debug/classes-fa66219fd3da4eafafeab3e7cac5ee7d81c41a7f.jar /home/akash/Android/cs-IIT-project/Geo-Reminder (2)/app/build/intermediates/pre-dexed/debug/classes-8af9a3dca9f80d107aae74c506d063b83d62da28.jar /home/
Launcher Type: SUN_STANDARD

Environment Variables:
JAVA_HOME=/usr/lib/jvm/java-1.7.0-openjdk-amd64
CLASSPATH=/home/akash/Android_IIT/android-studio/bin/./../lib/bootstrap.jar:/home/akash/Android_IIT/android-studio/bin/./../lib/extensions.jar:/home/akash/Android_IIT/android-studio/bin/./../lib/util.jar:/home/akash/Android_IIT/android-studio/bin/./../lib/jdom.jar:/home/akash/Android_IIT/android-studio/bin/./../lib/log4j.jar:/home/akash/Android_IIT/android-studio/bin/./../lib/trove4j.jar:/home/akash/Android_IIT/android-studio/bin/./../lib/jna.jar:/usr/lib/jvm/java-1.7.0-openjdk-amd64/lib/tools.jar
PATH=/home/akash/hadoop_dv/apache-maven-3.3.1/bin/:/usr/local/sbin:/usr/local/bin:/usr/sbin:/usr/bin:/sbin:/bin:/usr/games:/usr/local/games:/home/akash/hadoop/hadoop-2.5.1/bin
LD_LIBRARY_PATH=/home/akash/Android_IIT/android-studio/bin/.:/usr/local/lib:
SHELL=/bin/bash
DISPLAY=:0

Signal Handlers:
SIGSEGV: [libjvm.so+0x94b9a0], sa_mask[0]=0x7ffbfeff, sa_flags=0x10000004
SIGBUS: [libjvm.so+0x94b9a0], sa_mask[0]=0x7ffbfeff, sa_flags=0x10000004
SIGFPE: [libjvm.so+0x7c3880], sa_mask[0]=0x7ffbfeff, sa_flags=0x10000004
SIGPIPE: [libjvm.so+0x7c3880], sa_mask[0]=0x7ffbfeff, sa_flags=0x10000004
SIGXFSZ: [libjvm.so+0x7c3880], sa_mask[0]=0x7ffbfeff, sa_flags=0x10000004
SIGILL: [libjvm.so+0x7c3880], sa_mask[0]=0x7ffbfeff, sa_flags=0x10000004
SIGUSR1: SIG_DFL, sa_mask[0]=0x00000000, sa_flags=0x00000000
SIGUSR2: [libjvm.so+0x7c3720], sa_mask[0]=0x00000004, sa_flags=0x10000004
SIGHUP: [libjvm.so+0x7c3900], sa_mask[0]=0x7ffbfeff, sa_flags=0x10000004
SIGINT: [libjvm.so+0x7c3900], sa_mask[0]=0x7ffbfeff, sa_flags=0x10000004
SIGTERM: [libjvm.so+0x7c3900], sa_mask[0]=0x7ffbfeff, sa_flags=0x10000004
SIGQUIT: [libjvm.so+0x7c3900], sa_mask[0]=0x7ffbfeff, sa_flags=0x10000004
SIGTRAP: SIG_DFL, sa_mask[0]=0x00000000, sa_flags=0x00000000


---------------  S Y S T E M  ---------------

OS:Ubuntu 14.04 (trusty)
uname:Linux 3.13.0-52-generic #85-Ubuntu SMP Wed Apr 29 16:44:17 UTC 2015 x86_64
libc:glibc 2.19 NPTL 2.19 
rlimit: STACK 8192k, CORE 0k, NPROC 45446, NOFILE 4096, AS infinity
load average:1.52 0.90 0.75

/proc/meminfo:
MemTotal:        5904984 kB
MemFree:          119664 kB
Buffers:            4676 kB
Cached:           409080 kB
SwapCached:            0 kB
Active:          5180708 kB
Inactive:         373248 kB
Active(anon):    5142440 kB
Inactive(anon):   335368 kB
Active(file):      38268 kB
Inactive(file):    37880 kB
Unevictable:         484 kB
Mlocked:             484 kB
SwapTotal:             0 kB
SwapFree:              0 kB
Dirty:               772 kB
Writeback:             0 kB
AnonPages:       5140320 kB
Mapped:           145040 kB
Shmem:            337972 kB
Slab:              74684 kB
SReclaimable:      30424 kB
SUnreclaim:        44260 kB
KernelStack:        6456 kB
PageTables:        67864 kB
NFS_Unstable:          0 kB
Bounce:                0 kB
WritebackTmp:          0 kB
CommitLimit:     2952492 kB
Committed_AS:   12845596 kB
VmallocTotal:   34359738367 kB
VmallocUsed:      354548 kB
VmallocChunk:   34359373772 kB
HardwareCorrupted:     0 kB
AnonHugePages:   2076672 kB
HugePages_Total:       0
HugePages_Free:        0
HugePages_Rsvd:        0
HugePages_Surp:        0
Hugepagesize:       2048 kB
DirectMap4k:       73716 kB
DirectMap2M:     6008832 kB


CPU:total 4 (2 cores per cpu, 2 threads per core) family 6 model 58 stepping 9, cmov, cx8, fxsr, mmx, sse, sse2, sse3, ssse3, sse4.1, sse4.2, popcnt, avx, erms, ht, tsc, tscinvbit, tscinv

/proc/cpuinfo:
processor	: 0
vendor_id	: GenuineIntel
cpu family	: 6
model		: 58
model name	: Intel(R) Core(TM) i5-3337U CPU @ 1.80GHz
stepping	: 9
microcode	: 0x17
cpu MHz		: 774.000
cache size	: 3072 KB
physical id	: 0
siblings	: 4
core id		: 0
cpu cores	: 2
apicid		: 0
initial apicid	: 0
fpu		: yes
fpu_exception	: yes
cpuid level	: 13
wp		: yes
flags		: fpu vme de pse tsc msr pae mce cx8 apic sep mtrr pge mca cmov pat pse36 clflush dts acpi mmx fxsr sse sse2 ss ht tm pbe syscall nx rdtscp lm constant_tsc arch_perfmon pebs bts rep_good nopl xtopology nonstop_tsc aperfmperf eagerfpu pni pclmulqdq dtes64 monitor ds_cpl vmx est tm2 ssse3 cx16 xtpr pdcm pcid sse4_1 sse4_2 x2apic popcnt tsc_deadline_timer xsave avx f16c rdrand lahf_lm ida arat epb xsaveopt pln pts dtherm tpr_shadow vnmi flexpriority ept vpid fsgsbase smep erms
bogomips	: 3591.65
clflush size	: 64
cache_alignment	: 64
address sizes	: 36 bits physical, 48 bits virtual
power management:

processor	: 1
vendor_id	: GenuineIntel
cpu family	: 6
model		: 58
model name	: Intel(R) Core(TM) i5-3337U CPU @ 1.80GHz
stepping	: 9
microcode	: 0x17
cpu MHz		: 1801.000
cache size	: 3072 KB
physical id	: 0
siblings	: 4
core id		: 0
cpu cores	: 2
apicid		: 1
initial apicid	: 1
fpu		: yes
fpu_exception	: yes
cpuid level	: 13
wp		: yes
flags		: fpu vme de pse tsc msr pae mce cx8 apic sep mtrr pge mca cmov pat pse36 clflush dts acpi mmx fxsr sse sse2 ss ht tm pbe syscall nx rdtscp lm constant_tsc arch_perfmon pebs bts rep_good nopl xtopology nonstop_tsc aperfmperf eagerfpu pni pclmulqdq dtes64 monitor ds_cpl vmx est tm2 ssse3 cx16 xtpr pdcm pcid sse4_1 sse4_2 x2apic popcnt tsc_deadline_timer xsave avx f16c rdrand lahf_lm ida arat epb xsaveopt pln pts dtherm tpr_shadow vnmi flexpriority ept vpid fsgsbase smep erms
bogomips	: 3591.65
clflush size	: 64
cache_alignment	: 64
address sizes	: 36 bits physical, 48 bits virtual
power management:

processor	: 2
vendor_id	: GenuineIntel
cpu family	: 6
model		: 58
model name	: Intel(R) Core(TM) i5-3337U CPU @ 1.80GHz
stepping	: 9
microcode	: 0x17
cpu MHz		: 1700.000
cache size	: 3072 KB
physical id	: 0
siblings	: 4
core id		: 1
cpu cores	: 2
apicid		: 2
initial apicid	: 2
fpu		: yes
fpu_exception	: yes
cpuid level	: 13
wp		: yes
flags		: fpu vme de pse tsc msr pae mce cx8 apic sep mtrr pge mca cmov pat pse36 clflush dts acpi mmx fxsr sse sse2 ss ht tm pbe syscall nx rdtscp lm constant_tsc arch_perfmon pebs bts rep_good nopl xtopology nonstop_tsc aperfmperf eagerfpu pni pclmulqdq dtes64 monitor ds_cpl vmx est tm2 ssse3 cx16 xtpr pdcm pcid sse4_1 sse4_2 x2apic popcnt tsc_deadline_timer xsave avx f16c rdrand lahf_lm ida arat epb xsaveopt pln pts dtherm tpr_shadow vnmi flexpriority ept vpid fsgsbase smep erms
bogomips	: 3591.65
clflush size	: 64
cache_alignment	: 64
address sizes	: 36 bits physical, 48 bits virtual
power management:

processor	: 3
vendor_id	: GenuineIntel
cpu family	: 6
model		: 58
model name	: Intel(R) Core(TM) i5-3337U CPU @ 1.80GHz
stepping	: 9
microcode	: 0x17
cpu MHz		: 774.000
cache size	: 3072 KB
physical id	: 0
siblings	: 4
core id		: 1
cpu cores	: 2
apicid		: 3
initial apicid	: 3
fpu		: yes
fpu_exception	: yes
cpuid level	: 13
wp		: yes
flags		: fpu vme de pse tsc msr pae mce cx8 apic sep mtrr pge mca cmov pat pse36 clflush dts acpi mmx fxsr sse sse2 ss ht tm pbe syscall nx rdtscp lm constant_tsc arch_perfmon pebs bts rep_good nopl xtopology nonstop_tsc aperfmperf eagerfpu pni pclmulqdq dtes64 monitor ds_cpl vmx est tm2 ssse3 cx16 xtpr pdcm pcid sse4_1 sse4_2 x2apic popcnt tsc_deadline_timer xsave avx f16c rdrand lahf_lm ida arat epb xsaveopt pln pts dtherm tpr_shadow vnmi flexpriority ept vpid fsgsbase smep erms
bogomips	: 3591.65
clflush size	: 64
cache_alignment	: 64
address sizes	: 36 bits physical, 48 bits virtual
power management:



Memory: 4k page, physical 5904984k(119664k free), swap 0k(0k free)

vm_info: OpenJDK 64-Bit Server VM (24.79-b02) for linux-amd64 JRE (1.7.0_79-b14), built on Apr 16 2015 08:21:58 by "buildd" with gcc 4.8.2

time: Thu May  7 19:52:30 2015
elapsed time: 7 seconds

